<?xml version="1.0" encoding="UTF-8"?>
<robot generator="Robot 4.1 (Python 3.9.7 on win32)" generated="20210907 10:35:35.481" rpa="false" schemaversion="2">
<suite id="s1" name="createCharacter" source="C:\projects\marvel-api\specs\createCharacter.robot">
<kw name="Super Setup" library="base" type="SETUP">
<arg>vinivini@gmail.com</arg>
<kw name="Set Client Key" library="base">
<arg>${email}</arg>
<kw name="Create Dictionary" library="BuiltIn">
<var>&amp;{usuario}</var>
<arg>email=${email}</arg>
<doc>Creates and returns a dictionary based on the given ``items``.</doc>
<msg timestamp="20210907 10:35:35.781" level="INFO">&amp;{usuario} = { email=vinivini@gmail.com }</msg>
<status status="PASS" starttime="20210907 10:35:35.780" endtime="20210907 10:35:35.781"/>
</kw>
<kw name="POST" library="RequestsLibrary">
<var>${response}</var>
<arg>${base_url}/accounts</arg>
<arg>json=${usuario}</arg>
<doc>Sends a POST request.</doc>
<msg timestamp="20210907 10:35:36.158" level="INFO">POST Request : url=http://marvel.qaninja.academy/accounts 
 path_url=/accounts 
 headers={'User-Agent': 'python-requests/2.26.0', 'Accept-Encoding': 'gzip, deflate', 'Accept': '*/*', 'Connection': 'keep-alive', 'Content-Length': '31', 'Content-Type': 'application/json'} 
 body=b'{"email": "vinivini@gmail.com"}' 
 </msg>
<msg timestamp="20210907 10:35:36.159" level="INFO">POST Response : url=http://marvel.qaninja.academy/accounts 
 status=200, reason=OK 
 headers={'Server': 'Cowboy', 'Connection': 'keep-alive', 'X-Powered-By': 'Express', 'Access-Control-Allow-Origin': '*', 'Content-Type': 'application/json; charset=utf-8', 'Content-Length': '41', 'Etag': 'W/"29-VhMHnDvCduFCJNxWJg9yUnnM5Zw"', 'Date': 'Tue, 07 Sep 2021 13:35:36 GMT', 'Via': '1.1 vegur'} 
 body={"client_key":"613030de874ab200165f1a72"} 
 </msg>
<msg timestamp="20210907 10:35:36.159" level="INFO">${response} = &lt;Response [200]&gt;</msg>
<status status="PASS" starttime="20210907 10:35:35.782" endtime="20210907 10:35:36.159"/>
</kw>
<kw name="Set Variable" library="BuiltIn">
<var>${client_key}</var>
<arg>${response.json()}[client_key]</arg>
<doc>Returns the given values which can then be assigned to a variables.</doc>
<msg timestamp="20210907 10:35:36.161" level="INFO">${client_key} = 613030de874ab200165f1a72</msg>
<status status="PASS" starttime="20210907 10:35:36.159" endtime="20210907 10:35:36.161"/>
</kw>
<kw name="Create Dictionary" library="BuiltIn">
<var>&amp;{HEADERS}</var>
<arg>client_key=${client_key}</arg>
<doc>Creates and returns a dictionary based on the given ``items``.</doc>
<msg timestamp="20210907 10:35:36.162" level="INFO">&amp;{HEADERS} = { client_key=613030de874ab200165f1a72 }</msg>
<status status="PASS" starttime="20210907 10:35:36.161" endtime="20210907 10:35:36.162"/>
</kw>
<kw name="Set Suite Variable" library="BuiltIn">
<arg>${HEADERS}</arg>
<doc>Makes a variable available everywhere within the scope of the current suite.</doc>
<msg timestamp="20210907 10:35:36.163" level="INFO">${HEADERS} = {'client_key': '613030de874ab200165f1a72'}</msg>
<status status="PASS" starttime="20210907 10:35:36.162" endtime="20210907 10:35:36.163"/>
</kw>
<status status="PASS" starttime="20210907 10:35:35.779" endtime="20210907 10:35:36.164"/>
</kw>
<kw name="Back To The Past" library="base">
<kw name="DELETE" library="RequestsLibrary">
<arg>${base_url}/delorean</arg>
<arg>headers=${HEADERS}</arg>
<doc>Sends a DELETE request.</doc>
<msg timestamp="20210907 10:35:36.482" level="INFO">DELETE Request : url=http://marvel.qaninja.academy/delorean 
 path_url=/delorean 
 headers={'User-Agent': 'python-requests/2.26.0', 'Accept-Encoding': 'gzip, deflate', 'Accept': '*/*', 'Connection': 'keep-alive', 'client_key': '613030de874ab200165f1a72', 'Content-Length': '0'} 
 body=None 
 </msg>
<msg timestamp="20210907 10:35:36.482" level="INFO">DELETE Response : url=http://marvel.qaninja.academy/delorean 
 status=200, reason=OK 
 headers={'Server': 'Cowboy', 'Connection': 'keep-alive', 'X-Powered-By': 'Express', 'Access-Control-Allow-Origin': '*', 'Content-Type': 'application/json; charset=utf-8', 'Content-Length': '31', 'Etag': 'W/"1f-ImqlboUfbv1n1FbEV48J/4RvhGg"', 'Date': 'Tue, 07 Sep 2021 13:35:36 GMT', 'Via': '1.1 vegur'} 
 body={"message":"Avengers Assemble"} 
 </msg>
<status status="PASS" starttime="20210907 10:35:36.164" endtime="20210907 10:35:36.483"/>
</kw>
<status status="PASS" starttime="20210907 10:35:36.164" endtime="20210907 10:35:36.483"/>
</kw>
<status status="PASS" starttime="20210907 10:35:35.778" endtime="20210907 10:35:36.483"/>
</kw>
<test id="s1-t1" name="Deve cadastrar um personagem">
<kw name="Factory Star Lord" library="guardians">
<var>${personagem}</var>
<msg timestamp="20210907 10:35:36.485" level="INFO">${personagem} = {'name': 'Peter Quill', 'aliases': 'Star Lord', 'age': 30, 'team': 'Guardians of the Galaxy', 'active': True}</msg>
<status status="PASS" starttime="20210907 10:35:36.484" endtime="20210907 10:35:36.485"/>
</kw>
<kw name="POST New Character" library="characters">
<var>${response}</var>
<arg>${personagem}</arg>
<kw name="POST" library="RequestsLibrary">
<var>${response}</var>
<arg>${base_url}/characters</arg>
<arg>json=${payload}</arg>
<arg>headers=${HEADERS}</arg>
<arg>expected_status=any</arg>
<doc>Sends a POST request.</doc>
<msg timestamp="20210907 10:35:36.813" level="INFO">POST Request : url=http://marvel.qaninja.academy/characters 
 path_url=/characters 
 headers={'User-Agent': 'python-requests/2.26.0', 'Accept-Encoding': 'gzip, deflate', 'Accept': '*/*', 'Connection': 'keep-alive', 'client_key': '613030de874ab200165f1a72', 'Content-Length': '109', 'Content-Type': 'application/json'} 
 body=b'{"name": "Peter Quill", "aliases": "Star Lord", "age": 30, "team": "Guardians of the Galaxy", "active": true}' 
 </msg>
<msg timestamp="20210907 10:35:36.814" level="INFO">POST Response : url=http://marvel.qaninja.academy/characters 
 status=200, reason=OK 
 headers={'Server': 'Cowboy', 'Connection': 'keep-alive', 'X-Powered-By': 'Express', 'Access-Control-Allow-Origin': '*', 'Content-Type': 'application/json; charset=utf-8', 'Content-Length': '168', 'Etag': 'W/"a8-/CdLhmQjQYZx4xDBY5U4YZUVDC8"', 'Date': 'Tue, 07 Sep 2021 13:35:36 GMT', 'Via': '1.1 vegur'} 
 body={"_id":"61376aa81088a7001610ce4f","name":"Peter Quill","age":30,"aliases":"Star Lord","team":"Guardians of the Galaxy","active":true,"owner":"613030de874ab200165f1a72"} 
 </msg>
<msg timestamp="20210907 10:35:36.814" level="INFO">${response} = &lt;Response [200]&gt;</msg>
<status status="PASS" starttime="20210907 10:35:36.486" endtime="20210907 10:35:36.814"/>
</kw>
<msg timestamp="20210907 10:35:36.814" level="INFO">${response} = &lt;Response [200]&gt;</msg>
<status status="PASS" starttime="20210907 10:35:36.485" endtime="20210907 10:35:36.815"/>
</kw>
<kw name="Status Should Be" library="RequestsLibrary">
<arg>200</arg>
<arg>${response}</arg>
<doc>Fails if response status code is different than the expected.</doc>
<status status="PASS" starttime="20210907 10:35:36.815" endtime="20210907 10:35:36.816"/>
</kw>
<status status="PASS" starttime="20210907 10:35:36.483" endtime="20210907 10:35:36.816"/>
</test>
<test id="s1-t2" name="Não deve cadastrar com o mesmo nome">
<kw name="Factory Groot" library="guardians">
<var>${personagem}</var>
<msg timestamp="20210907 10:35:36.820" level="INFO">${personagem} = {'name': 'Groot', 'aliases': 'Groot', 'age': 300, 'team': 'Guardians of the Galaxy', 'active': True}</msg>
<status status="PASS" starttime="20210907 10:35:36.819" endtime="20210907 10:35:36.820"/>
</kw>
<kw name="POST New Character" library="characters">
<arg>${personagem}</arg>
<kw name="POST" library="RequestsLibrary">
<var>${response}</var>
<arg>${base_url}/characters</arg>
<arg>json=${payload}</arg>
<arg>headers=${HEADERS}</arg>
<arg>expected_status=any</arg>
<doc>Sends a POST request.</doc>
<msg timestamp="20210907 10:35:37.148" level="INFO">POST Request : url=http://marvel.qaninja.academy/characters 
 path_url=/characters 
 headers={'User-Agent': 'python-requests/2.26.0', 'Accept-Encoding': 'gzip, deflate', 'Accept': '*/*', 'Connection': 'keep-alive', 'client_key': '613030de874ab200165f1a72', 'Content-Length': '100', 'Content-Type': 'application/json'} 
 body=b'{"name": "Groot", "aliases": "Groot", "age": 300, "team": "Guardians of the Galaxy", "active": true}' 
 </msg>
<msg timestamp="20210907 10:35:37.148" level="INFO">POST Response : url=http://marvel.qaninja.academy/characters 
 status=200, reason=OK 
 headers={'Server': 'Cowboy', 'Connection': 'keep-alive', 'X-Powered-By': 'Express', 'Access-Control-Allow-Origin': '*', 'Content-Type': 'application/json; charset=utf-8', 'Content-Length': '159', 'Etag': 'W/"9f-Kaj71vQvYrALOPHOgfAC/wR95Ag"', 'Date': 'Tue, 07 Sep 2021 13:35:37 GMT', 'Via': '1.1 vegur'} 
 body={"_id":"61376aa91088a7001610ce53","name":"Groot","age":300,"aliases":"Groot","team":"Guardians of the Galaxy","active":true,"owner":"613030de874ab200165f1a72"} 
 </msg>
<msg timestamp="20210907 10:35:37.149" level="INFO">${response} = &lt;Response [200]&gt;</msg>
<status status="PASS" starttime="20210907 10:35:36.821" endtime="20210907 10:35:37.149"/>
</kw>
<status status="PASS" starttime="20210907 10:35:36.820" endtime="20210907 10:35:37.149"/>
</kw>
<kw name="POST New Character" library="characters">
<var>${response}</var>
<arg>${personagem}</arg>
<kw name="POST" library="RequestsLibrary">
<var>${response}</var>
<arg>${base_url}/characters</arg>
<arg>json=${payload}</arg>
<arg>headers=${HEADERS}</arg>
<arg>expected_status=any</arg>
<doc>Sends a POST request.</doc>
<msg timestamp="20210907 10:35:37.467" level="INFO">POST Request : url=http://marvel.qaninja.academy/characters 
 path_url=/characters 
 headers={'User-Agent': 'python-requests/2.26.0', 'Accept-Encoding': 'gzip, deflate', 'Accept': '*/*', 'Connection': 'keep-alive', 'client_key': '613030de874ab200165f1a72', 'Content-Length': '100', 'Content-Type': 'application/json'} 
 body=b'{"name": "Groot", "aliases": "Groot", "age": 300, "team": "Guardians of the Galaxy", "active": true}' 
 </msg>
<msg timestamp="20210907 10:35:37.467" level="INFO">POST Response : url=http://marvel.qaninja.academy/characters 
 status=409, reason=Conflict 
 headers={'Server': 'Cowboy', 'Connection': 'keep-alive', 'X-Powered-By': 'Express', 'Access-Control-Allow-Origin': '*', 'Content-Type': 'application/json; charset=utf-8', 'Content-Length': '39', 'Etag': 'W/"27-u8CjYCAAYHK/l+EQR0JyKi0LQGU"', 'Date': 'Tue, 07 Sep 2021 13:35:37 GMT', 'Via': '1.1 vegur'} 
 body={"error":"Character already exists :("} 
 </msg>
<msg timestamp="20210907 10:35:37.467" level="INFO">${response} = &lt;Response [409]&gt;</msg>
<status status="PASS" starttime="20210907 10:35:37.151" endtime="20210907 10:35:37.468"/>
</kw>
<msg timestamp="20210907 10:35:37.468" level="INFO">${response} = &lt;Response [409]&gt;</msg>
<status status="PASS" starttime="20210907 10:35:37.150" endtime="20210907 10:35:37.468"/>
</kw>
<kw name="Status Should Be" library="RequestsLibrary">
<arg>409</arg>
<arg>${response}</arg>
<doc>Fails if response status code is different than the expected.</doc>
<status status="PASS" starttime="20210907 10:35:37.469" endtime="20210907 10:35:37.470"/>
</kw>
<kw name="Should Be Equal" library="BuiltIn">
<arg>${response.json()}[error]</arg>
<arg>Character already exists :(</arg>
<doc>Fails if the given objects are unequal.</doc>
<status status="PASS" starttime="20210907 10:35:37.470" endtime="20210907 10:35:37.472"/>
</kw>
<tag>dup</tag>
<status status="PASS" starttime="20210907 10:35:36.818" endtime="20210907 10:35:37.472"/>
</test>
<doc>Suite de teste do cadastro de personagens na API da Marvel</doc>
<status status="PASS" starttime="20210907 10:35:35.485" endtime="20210907 10:35:37.474"/>
</suite>
<statistics>
<total>
<stat pass="2" fail="0" skip="0">All Tests</stat>
</total>
<tag>
<stat pass="1" fail="0" skip="0">dup</stat>
</tag>
<suite>
<stat pass="2" fail="0" skip="0" id="s1" name="createCharacter">createCharacter</stat>
</suite>
</statistics>
<errors>
</errors>
</robot>
