<?xml version="1.0" encoding="UTF-8"?>
<robot generator="Robot 4.1 (Python 3.9.7 on win32)" generated="20210906 22:01:39.982" rpa="false" schemaversion="2">
<suite id="s1" name="createCharacter" source="C:\projects\marvel-api\specs\createCharacter.robot">
<kw name="Set Client Key" library="base" type="SETUP">
<arg>vinivini@gmail.com</arg>
<kw name="Create Dictionary" library="BuiltIn">
<var>&amp;{usuario}</var>
<arg>email=${email}</arg>
<doc>Creates and returns a dictionary based on the given ``items``.</doc>
<msg timestamp="20210906 22:01:41.047" level="INFO">&amp;{usuario} = { email=vinivini@gmail.com }</msg>
<status status="PASS" starttime="20210906 22:01:41.046" endtime="20210906 22:01:41.047"/>
</kw>
<kw name="POST" library="RequestsLibrary">
<var>${response}</var>
<arg>${base_url}/accounts</arg>
<arg>json=${usuario}</arg>
<doc>Sends a POST request.</doc>
<msg timestamp="20210906 22:01:41.565" level="INFO">POST Request : url=http://marvel.qaninja.academy/accounts 
 path_url=/accounts 
 headers={'User-Agent': 'python-requests/2.26.0', 'Accept-Encoding': 'gzip, deflate', 'Accept': '*/*', 'Connection': 'keep-alive', 'Content-Length': '31', 'Content-Type': 'application/json'} 
 body=b'{"email": "vinivini@gmail.com"}' 
 </msg>
<msg timestamp="20210906 22:01:41.566" level="INFO">POST Response : url=http://marvel.qaninja.academy/accounts 
 status=200, reason=OK 
 headers={'Server': 'Cowboy', 'Connection': 'keep-alive', 'X-Powered-By': 'Express', 'Access-Control-Allow-Origin': '*', 'Content-Type': 'application/json; charset=utf-8', 'Content-Length': '41', 'Etag': 'W/"29-VhMHnDvCduFCJNxWJg9yUnnM5Zw"', 'Date': 'Tue, 07 Sep 2021 01:01:41 GMT', 'Via': '1.1 vegur'} 
 body={"client_key":"613030de874ab200165f1a72"} 
 </msg>
<msg timestamp="20210906 22:01:41.566" level="INFO">${response} = &lt;Response [200]&gt;</msg>
<status status="PASS" starttime="20210906 22:01:41.047" endtime="20210906 22:01:41.566"/>
</kw>
<kw name="Set Variable" library="BuiltIn">
<var>${client_key}</var>
<arg>${response.json()}[client_key]</arg>
<doc>Returns the given values which can then be assigned to a variables.</doc>
<msg timestamp="20210906 22:01:41.568" level="INFO">${client_key} = 613030de874ab200165f1a72</msg>
<status status="PASS" starttime="20210906 22:01:41.566" endtime="20210906 22:01:41.568"/>
</kw>
<kw name="Create Dictionary" library="BuiltIn">
<var>&amp;{HEADERS}</var>
<arg>client_key=${client_key}</arg>
<doc>Creates and returns a dictionary based on the given ``items``.</doc>
<msg timestamp="20210906 22:01:41.569" level="INFO">&amp;{HEADERS} = { client_key=613030de874ab200165f1a72 }</msg>
<status status="PASS" starttime="20210906 22:01:41.568" endtime="20210906 22:01:41.569"/>
</kw>
<kw name="Set Suite Variable" library="BuiltIn">
<arg>${HEADERS}</arg>
<doc>Makes a variable available everywhere within the scope of the current suite.</doc>
<msg timestamp="20210906 22:01:41.570" level="INFO">${HEADERS} = {'client_key': '613030de874ab200165f1a72'}</msg>
<status status="PASS" starttime="20210906 22:01:41.569" endtime="20210906 22:01:41.570"/>
</kw>
<status status="PASS" starttime="20210906 22:01:41.045" endtime="20210906 22:01:41.570"/>
</kw>
<test id="s1-t1" name="Deve cadastrar um personagem">
<kw name="Factory Thanos" library="thanos">
<var>${personagem}</var>
<msg timestamp="20210906 22:01:41.572" level="INFO">${personagem} = {'name': 'Allen Underwood', 'aliases': 'Thanos', 'age': 3000, 'team': 'Ordem Negra', 'active': False}</msg>
<status status="PASS" starttime="20210906 22:01:41.571" endtime="20210906 22:01:41.572"/>
</kw>
<kw name="POST New Character" library="characters">
<var>${response}</var>
<arg>${personagem}</arg>
<kw name="POST" library="RequestsLibrary">
<var>${response}</var>
<arg>${base_url}/characters</arg>
<arg>json=${payload}</arg>
<arg>headers=${HEADERS}</arg>
<arg>expected_status=any</arg>
<doc>Sends a POST request.</doc>
<msg timestamp="20210906 22:01:41.900" level="INFO">POST Request : url=http://marvel.qaninja.academy/characters 
 path_url=/characters 
 headers={'User-Agent': 'python-requests/2.26.0', 'Accept-Encoding': 'gzip, deflate', 'Accept': '*/*', 'Connection': 'keep-alive', 'client_key': '613030de874ab200165f1a72', 'Content-Length': '101', 'Content-Type': 'application/json'} 
 body=b'{"name": "Allen Underwood", "aliases": "Thanos", "age": 3000, "team": "Ordem Negra", "active": false}' 
 </msg>
<msg timestamp="20210906 22:01:41.900" level="INFO">POST Response : url=http://marvel.qaninja.academy/characters 
 status=200, reason=OK 
 headers={'Server': 'Cowboy', 'Connection': 'keep-alive', 'X-Powered-By': 'Express', 'Access-Control-Allow-Origin': '*', 'Content-Type': 'application/json; charset=utf-8', 'Content-Length': '160', 'Etag': 'W/"a0-4duvsDLymwzPs3pP5RUIEtougYs"', 'Date': 'Tue, 07 Sep 2021 01:01:41 GMT', 'Via': '1.1 vegur'} 
 body={"_id":"6136b9f5ee284200167b3967","name":"Allen Underwood","age":3000,"aliases":"Thanos","team":"Ordem Negra","active":false,"owner":"613030de874ab200165f1a72"} 
 </msg>
<msg timestamp="20210906 22:01:41.901" level="INFO">${response} = &lt;Response [200]&gt;</msg>
<status status="PASS" starttime="20210906 22:01:41.573" endtime="20210906 22:01:41.901"/>
</kw>
<msg timestamp="20210906 22:01:41.901" level="INFO">${response} = &lt;Response [200]&gt;</msg>
<status status="PASS" starttime="20210906 22:01:41.573" endtime="20210906 22:01:41.901"/>
</kw>
<kw name="Status Should Be" library="RequestsLibrary">
<arg>200</arg>
<arg>${response}</arg>
<doc>Fails if response status code is different than the expected.</doc>
<status status="PASS" starttime="20210906 22:01:41.902" endtime="20210906 22:01:41.903"/>
</kw>
<status status="PASS" starttime="20210906 22:01:41.570" endtime="20210906 22:01:41.903"/>
</test>
<test id="s1-t2" name="Não deve cadastrar com o mesmo nome">
<kw name="Factory Thanos" library="thanos">
<var>${personagem}</var>
<msg timestamp="20210906 22:01:41.906" level="INFO">${personagem} = {'name': 'Lonnie Kelly', 'aliases': 'Thanos', 'age': 3000, 'team': 'Ordem Negra', 'active': False}</msg>
<status status="PASS" starttime="20210906 22:01:41.906" endtime="20210906 22:01:41.906"/>
</kw>
<kw name="POST New Character" library="characters">
<arg>${personagem}</arg>
<kw name="POST" library="RequestsLibrary">
<var>${response}</var>
<arg>${base_url}/characters</arg>
<arg>json=${payload}</arg>
<arg>headers=${HEADERS}</arg>
<arg>expected_status=any</arg>
<doc>Sends a POST request.</doc>
<msg timestamp="20210906 22:01:42.231" level="INFO">POST Request : url=http://marvel.qaninja.academy/characters 
 path_url=/characters 
 headers={'User-Agent': 'python-requests/2.26.0', 'Accept-Encoding': 'gzip, deflate', 'Accept': '*/*', 'Connection': 'keep-alive', 'client_key': '613030de874ab200165f1a72', 'Content-Length': '98', 'Content-Type': 'application/json'} 
 body=b'{"name": "Lonnie Kelly", "aliases": "Thanos", "age": 3000, "team": "Ordem Negra", "active": false}' 
 </msg>
<msg timestamp="20210906 22:01:42.231" level="INFO">POST Response : url=http://marvel.qaninja.academy/characters 
 status=200, reason=OK 
 headers={'Server': 'Cowboy', 'Connection': 'keep-alive', 'X-Powered-By': 'Express', 'Access-Control-Allow-Origin': '*', 'Content-Type': 'application/json; charset=utf-8', 'Content-Length': '157', 'Etag': 'W/"9d-WR8yD/YaSe7rU6KddHGPBuZkQX4"', 'Date': 'Tue, 07 Sep 2021 01:01:42 GMT', 'Via': '1.1 vegur'} 
 body={"_id":"6136b9f6ee284200167b396b","name":"Lonnie Kelly","age":3000,"aliases":"Thanos","team":"Ordem Negra","active":false,"owner":"613030de874ab200165f1a72"} 
 </msg>
<msg timestamp="20210906 22:01:42.231" level="INFO">${response} = &lt;Response [200]&gt;</msg>
<status status="PASS" starttime="20210906 22:01:41.908" endtime="20210906 22:01:42.231"/>
</kw>
<status status="PASS" starttime="20210906 22:01:41.907" endtime="20210906 22:01:42.232"/>
</kw>
<kw name="POST New Character" library="characters">
<var>${response}</var>
<arg>${personagem}</arg>
<kw name="POST" library="RequestsLibrary">
<var>${response}</var>
<arg>${base_url}/characters</arg>
<arg>json=${payload}</arg>
<arg>headers=${HEADERS}</arg>
<arg>expected_status=any</arg>
<doc>Sends a POST request.</doc>
<msg timestamp="20210906 22:01:42.548" level="INFO">POST Request : url=http://marvel.qaninja.academy/characters 
 path_url=/characters 
 headers={'User-Agent': 'python-requests/2.26.0', 'Accept-Encoding': 'gzip, deflate', 'Accept': '*/*', 'Connection': 'keep-alive', 'client_key': '613030de874ab200165f1a72', 'Content-Length': '98', 'Content-Type': 'application/json'} 
 body=b'{"name": "Lonnie Kelly", "aliases": "Thanos", "age": 3000, "team": "Ordem Negra", "active": false}' 
 </msg>
<msg timestamp="20210906 22:01:42.548" level="INFO">POST Response : url=http://marvel.qaninja.academy/characters 
 status=409, reason=Conflict 
 headers={'Server': 'Cowboy', 'Connection': 'keep-alive', 'X-Powered-By': 'Express', 'Access-Control-Allow-Origin': '*', 'Content-Type': 'application/json; charset=utf-8', 'Content-Length': '39', 'Etag': 'W/"27-u8CjYCAAYHK/l+EQR0JyKi0LQGU"', 'Date': 'Tue, 07 Sep 2021 01:01:42 GMT', 'Via': '1.1 vegur'} 
 body={"error":"Character already exists :("} 
 </msg>
<msg timestamp="20210906 22:01:42.548" level="INFO">${response} = &lt;Response [409]&gt;</msg>
<status status="PASS" starttime="20210906 22:01:42.234" endtime="20210906 22:01:42.549"/>
</kw>
<msg timestamp="20210906 22:01:42.549" level="INFO">${response} = &lt;Response [409]&gt;</msg>
<status status="PASS" starttime="20210906 22:01:42.233" endtime="20210906 22:01:42.549"/>
</kw>
<kw name="Status Should Be" library="RequestsLibrary">
<arg>409</arg>
<arg>${response}</arg>
<doc>Fails if response status code is different than the expected.</doc>
<status status="PASS" starttime="20210906 22:01:42.550" endtime="20210906 22:01:42.552"/>
</kw>
<kw name="Should Be Equal" library="BuiltIn">
<arg>${response.json()}[error]</arg>
<arg>Character already exists :(</arg>
<doc>Fails if the given objects are unequal.</doc>
<status status="PASS" starttime="20210906 22:01:42.552" endtime="20210906 22:01:42.554"/>
</kw>
<tag>dup</tag>
<status status="PASS" starttime="20210906 22:01:41.905" endtime="20210906 22:01:42.554"/>
</test>
<doc>Suite de teste do cadastro de personagens na API da Marvel</doc>
<status status="PASS" starttime="20210906 22:01:39.986" endtime="20210906 22:01:42.556"/>
</suite>
<statistics>
<total>
<stat pass="2" fail="0" skip="0">All Tests</stat>
</total>
<tag>
<stat pass="1" fail="0" skip="0">dup</stat>
</tag>
<suite>
<stat pass="2" fail="0" skip="0" id="s1" name="createCharacter">createCharacter</stat>
</suite>
</statistics>
<errors>
</errors>
</robot>
